{"/home/itamar/MEGAsync/Documentos/Cursos/Trybe/trybe-exercicios/1 Fundamentos/bloco-7-introducao-a-javascript-es6-e-testes-unitarios/dia-3-primeiros-passos-em-jest/myRemove.js": {"path":"/home/itamar/MEGAsync/Documentos/Cursos/Trybe/trybe-exercicios/1 Fundamentos/bloco-7-introducao-a-javascript-es6-e-testes-unitarios/dia-3-primeiros-passos-em-jest/myRemove.js","statementMap":{"0":{"start":{"line":2,"column":17},"end":{"line":2,"column":19}},"1":{"start":{"line":3,"column":4},"end":{"line":7,"column":5}},"2":{"start":{"line":3,"column":21},"end":{"line":3,"column":22}},"3":{"start":{"line":4,"column":6},"end":{"line":6,"column":7}},"4":{"start":{"line":5,"column":8},"end":{"line":5,"column":32}},"5":{"start":{"line":8,"column":4},"end":{"line":8,"column":18}},"6":{"start":{"line":11,"column":2},"end":{"line":11,"column":28}}},"fnMap":{"0":{"name":"myRemove","decl":{"start":{"line":1,"column":9},"end":{"line":1,"column":17}},"loc":{"start":{"line":1,"column":29},"end":{"line":9,"column":3}},"line":1}},"branchMap":{"0":{"loc":{"start":{"line":4,"column":6},"end":{"line":6,"column":7}},"type":"if","locations":[{"start":{"line":4,"column":6},"end":{"line":6,"column":7}},{"start":{},"end":{}}],"line":4}},"s":{"0":3,"1":3,"2":3,"3":12,"4":10,"5":3,"6":1},"f":{"0":3},"b":{"0":[10,2]},"_coverageSchema":"1a1c01bbd47fc00a2c39e90264f33305004495a9","hash":"b164937fd971ad7fd6ea94481c0ac9d8b02caddb"}
,"/home/itamar/MEGAsync/Documentos/Cursos/Trybe/trybe-exercicios/1 Fundamentos/bloco-7-introducao-a-javascript-es6-e-testes-unitarios/dia-3-primeiros-passos-em-jest/sum.js": {"path":"/home/itamar/MEGAsync/Documentos/Cursos/Trybe/trybe-exercicios/1 Fundamentos/bloco-7-introducao-a-javascript-es6-e-testes-unitarios/dia-3-primeiros-passos-em-jest/sum.js","statementMap":{"0":{"start":{"line":2,"column":4},"end":{"line":4,"column":5}},"1":{"start":{"line":3,"column":6},"end":{"line":3,"column":52}},"2":{"start":{"line":6,"column":4},"end":{"line":6,"column":17}},"3":{"start":{"line":12,"column":2},"end":{"line":12,"column":23}}},"fnMap":{"0":{"name":"sum","decl":{"start":{"line":1,"column":9},"end":{"line":1,"column":12}},"loc":{"start":{"line":1,"column":19},"end":{"line":7,"column":3}},"line":1}},"branchMap":{"0":{"loc":{"start":{"line":2,"column":4},"end":{"line":4,"column":5}},"type":"if","locations":[{"start":{"line":2,"column":4},"end":{"line":4,"column":5}},{"start":{},"end":{}}],"line":2},"1":{"loc":{"start":{"line":2,"column":8},"end":{"line":2,"column":54}},"type":"binary-expr","locations":[{"start":{"line":2,"column":8},"end":{"line":2,"column":29}},{"start":{"line":2,"column":33},"end":{"line":2,"column":54}}],"line":2}},"s":{"0":4,"1":2,"2":2,"3":1},"f":{"0":4},"b":{"0":[2,2],"1":[4,4]},"_coverageSchema":"1a1c01bbd47fc00a2c39e90264f33305004495a9","hash":"3b946ba36039febc64723cd4d6dbab571929282e"}
}
